Traceback (most recent call last):
  File "/home/runner/work/varshavka-cafe-usali-model/varshavka-cafe-usali-model/scripts/run_s03_publication.py", line 10, in <module>
    core, total = build_model()
                  ^^^^^^^^^^^^^
  File "/home/runner/work/varshavka-cafe-usali-model/varshavka-cafe-usali-model/scripts/s03_model_builder.py", line 14, in build_model
    wb=load_workbook(SOURCE,data_only=False)
       ^^^^^^^^^^^^^^^^^^^^^^^^^^^^^^^^^^^^^
  File "/home/runner/.local/lib/python3.12/site-packages/openpyxl/reader/excel.py", line 346, in load_workbook
    reader = ExcelReader(filename, read_only, keep_vba,
             ^^^^^^^^^^^^^^^^^^^^^^^^^^^^^^^^^^^^^^^^^^
  File "/home/runner/.local/lib/python3.12/site-packages/openpyxl/reader/excel.py", line 123, in __init__
    self.archive = _validate_archive(fn)
                   ^^^^^^^^^^^^^^^^^^^^^
  File "/home/runner/.local/lib/python3.12/site-packages/openpyxl/reader/excel.py", line 95, in _validate_archive
    archive = ZipFile(filename, 'r')
              ^^^^^^^^^^^^^^^^^^^^^^
  File "/usr/lib/python3.12/zipfile/__init__.py", line 1347, in __init__
    self.fp = io.open(file, filemode)
              ^^^^^^^^^^^^^^^^^^^^^^^
FileNotFoundError: [Errno 2] No such file or directory: 'models/scenarios/S03/source/FINMODEL_VARSHAVKA_USALI_SCENARIO_S02_v0.2.0.xlsx'
